<?xml version="1.0" encoding="UTF-8"?>
<!-- Generated by org.testng.reporters.JUnitXMLReporter -->
<testsuite hostname="DESKTOP-69VQ80O" ignored="0" name="Default test" tests="3" failures="0" timestamp="04 Jun 2021 21:43:36 GMT" time="5.513" errors="0">
  <testcase name="verifyLoginPageTitleTest" time="0.195" classname="com.qa.classicCRM.tests.LoginPageTest"/>
  <testcase name="verifyforgetPWLinkTest" time="0.147" classname="com.qa.classicCRM.tests.LoginPageTest"/>
  <testcase name="loginTest" time="1.062" classname="com.qa.classicCRM.tests.LoginPageTest"/>
</testsuite> <!-- Default test -->
