<?xml version="1.0" encoding="UTF-8"?>
<!-- Generated by org.testng.reporters.JUnitXMLReporter -->
<testsuite hostname="DESKTOP-69VQ80O" ignored="0" name="AccountsPage Test" tests="5" failures="0" timestamp="27 May 2021 12:16:26 GMT" time="6.601" errors="0">
  <testcase name="AccountsPageTitleTest" time="0.041" classname="com.qa.classicCRM.tests.AccountsPageTest"/>
  <testcase name="verifyAccountsPageHeaderTest" time="0.111" classname="com.qa.classicCRM.tests.AccountsPageTest"/>
  <testcase name="verifyMyAcccountSectionsCountTest" time="0.035" classname="com.qa.classicCRM.tests.AccountsPageTest"/>
  <testcase name="verifyAccountSectionListTest" time="0.201" classname="com.qa.classicCRM.tests.AccountsPageTest"/>
  <testcase name="searchTest" time="0.57" classname="com.qa.classicCRM.tests.AccountsPageTest"/>
</testsuite> <!-- AccountsPage Test -->
