-------------------------------------------------------------------------------
Test set: TestSuite
-------------------------------------------------------------------------------
Tests run: 8, Failures: 1, Errors: 0, Skipped: 0, Time elapsed: 9.212 s <<< FAILURE! - in TestSuite
verifyLoginPageTitleTest(com.qa.classicCRM.tests.LoginPageTest)  Time elapsed: 0.162 s  <<< FAILURE!
java.lang.AssertionError: expected [Account Logi] but found [Account Login]
	at com.qa.classicCRM.tests.LoginPageTest.verifyLoginPageTitleTest(LoginPageTest.java:27)

