<?xml version="1.0" encoding="UTF-8"?>
<testsuite xmlns:xsi="http://www.w3.org/2001/XMLSchema-instance" xsi:noNamespaceSchemaLocation="https://maven.apache.org/surefire/maven-surefire-plugin/xsd/surefire-test-report.xsd" name="TestSuite" time="9.212" tests="8" errors="0" skipped="0" failures="1">
  <properties>
[...]
</properties>
  <testcase name="verifyLoginPageTitleTest" classname="com.qa.classicCRM.tests.LoginPageTest" time="0.162">
    <failure message="expected [Account Logi] but found [Account Login]" type="java.lang.AssertionError">java.lang.AssertionError: expected [Account Logi] but found [Account Login]
	at com.qa.classicCRM.tests.LoginPageTest.verifyLoginPageTitleTest(LoginPageTest.java:27)
</failure>
    <system-out><![CDATA[Test Suite started!
Test Suite started!
I am in onStart method AccountsPage Test
I am in onStart method LoginPage Test
Browser value is : chrome
Browser value is : chrome
verifyLoginPageTitleTest started!
Log in with : bhawnadvasudeva@gmail.comandOmshanti@1
I am in onTestStart method verifyLoginPageTitleTest start
Login Page Title : Account Login
]]></system-out>
    <system-err><![CDATA[SLF4J: Failed to load class "org.slf4j.impl.StaticLoggerBinder".
SLF4J: Defaulting to no-operation (NOP) logger implementation
SLF4J: See http://www.slf4j.org/codes.html#StaticLoggerBinder for further details.
Starting ChromeDriver 90.0.4430.24 (4c6d850f087da467d926e8eddb76550aed655991Starting ChromeDriver 90.0.4430.24 (4c6d8-50f087da467d926e8eddb76550aed655991-refs/branch-heads/4430@{#42r9efs}/) on port 321b6r7anc
Only local connections are allowed.
Please see https://chromedriver.chromium.org/security-considerations for suggestions on keeping ChromeDriver safe.
h-heads/4430@{#429}) on port 31209
Only local connections are allowed.
Please see https://chromedriver.chromium.org/security-considerations for suggestions on keeping ChromeDriver safe.
ChrChromomeeDriver was staDrrted sivuccessfully.
er was started successfully.
May 27, 2021 8:16:23 AM org.openqa.selenium.remote.ProtocolHandshake createSession
INFO: Detected dialect: W3C
May 27, 2021 8:16:23 AM org.openqa.selenium.remote.ProtocolHandshake createSession
INFO: Detected dialect: W3C
]]></system-err>
  </testcase>
  <testcase name="AccountsPageTitleTest" classname="com.qa.classicCRM.tests.AccountsPageTest" time="0.042"/>
  <testcase name="verifyforgetPWLinkTest" classname="com.qa.classicCRM.tests.LoginPageTest" time="0.082"/>
  <testcase name="verifyAccountsPageHeaderTest" classname="com.qa.classicCRM.tests.AccountsPageTest" time="0.019"/>
  <testcase name="verifyMyAcccountSectionsCountTest" classname="com.qa.classicCRM.tests.AccountsPageTest" time="0.034"/>
  <testcase name="verifyAccountSectionListTest" classname="com.qa.classicCRM.tests.AccountsPageTest" time="0.201"/>
  <testcase name="searchTest" classname="com.qa.classicCRM.tests.AccountsPageTest" time="0.569"/>
  <testcase name="loginTest" classname="com.qa.classicCRM.tests.LoginPageTest" time="0.834"/>
</testsuite>