<?xml version="1.0" encoding="UTF-8"?>
<testng-results skipped="0" failed="0" ignored="0" total="3" passed="3">
  <reporter-output>
  </reporter-output>
  <suite name="Default suite" duration-ms="5513" started-at="2021-06-04T21:43:30Z" finished-at="2021-06-04T21:43:36Z">
    <groups>
    </groups>
    <test name="Default test" duration-ms="5513" started-at="2021-06-04T21:43:30Z" finished-at="2021-06-04T21:43:36Z">
      <class name="com.qa.classicCRM.tests.LoginPageTest">
        <test-method status="PASS" signature="SetUp()[pri:0, instance:com.qa.classicCRM.tests.LoginPageTest@4b770e40]" name="SetUp" is-config="true" duration-ms="3748" started-at="2021-06-04T21:43:30Z" finished-at="2021-06-04T21:43:34Z">
          <reporter-output>
          </reporter-output>
        </test-method> <!-- SetUp -->
        <test-method status="PASS" signature="verifyLoginPageTitleTest()[pri:1, instance:com.qa.classicCRM.tests.LoginPageTest@4b770e40]" name="verifyLoginPageTitleTest" duration-ms="195" started-at="2021-06-04T21:43:34Z" finished-at="2021-06-04T21:43:34Z">
          <reporter-output>
          </reporter-output>
        </test-method> <!-- verifyLoginPageTitleTest -->
        <test-method status="PASS" signature="verifyforgetPWLinkTest()[pri:2, instance:com.qa.classicCRM.tests.LoginPageTest@4b770e40]" name="verifyforgetPWLinkTest" duration-ms="147" started-at="2021-06-04T21:43:34Z" finished-at="2021-06-04T21:43:34Z">
          <reporter-output>
          </reporter-output>
        </test-method> <!-- verifyforgetPWLinkTest -->
        <test-method status="PASS" signature="loginTest()[pri:3, instance:com.qa.classicCRM.tests.LoginPageTest@4b770e40]" name="loginTest" duration-ms="1062" started-at="2021-06-04T21:43:34Z" finished-at="2021-06-04T21:43:36Z">
          <reporter-output>
          </reporter-output>
        </test-method> <!-- loginTest -->
      </class> <!-- com.qa.classicCRM.tests.LoginPageTest -->
    </test> <!-- Default test -->
  </suite> <!-- Default suite -->
</testng-results>
